number,value,datetime_start,datetime_complete,duration,params_bagging_temperature,params_border_count,params_depth,params_iterations,params_l2_leaf_reg,params_learning_rate,params_random_strength,params_scale_pos_weight,state
0,0.0812036451654493,2026-07-13 14:00:50.155274,2026-07-13 14:01:00.826171,0 days 00:00:10.670897,0.7799726016810132,64,9,800,0.4789240251631179,0.060285631437218844,0.004207988669606638,14.583936570011256,COMPLETE
1,0.06076337804555336,2026-07-13 14:01:00.827134,2026-07-13 14:01:14.589862,0 days 00:00:13.762728,1.5212112147976886,254,8,1800,0.006517070593249451,0.010294864098843958,0.00541524411940254,20.378115872866967,COMPLETE
2,0.03779211521811783,2026-07-13 14:01:14.590712,2026-07-13 14:01:16.622981,0 days 00:00:02.032269,2.571172192068058,128,5,700,3.2758800065878395,0.023585260188125887,0.006290644294586149,16.52748743664863,COMPLETE
3,0.05773505342526229,2026-07-13 14:01:16.623845,2026-07-13 14:01:40.557004,0 days 00:00:23.933159,3.4211651325607844,128,9,1800,0.02310961873210997,0.07817554354066729,0.002458603276328005,177.7360910243259,COMPLETE
4,0.06179007073086452,2026-07-13 14:01:40.557819,2026-07-13 14:01:44.092528,0 days 00:00:03.534709,0.9242722776276352,32,7,700,0.21301372721189435,0.014434610190247879,0.1537592023548176,74.00600652505288,COMPLETE
5,0.021378665044563316,2026-07-13 14:01:44.093363,2026-07-13 14:01:47.401288,0 days 00:00:03.307925,1.9433864484474102,64,3,1700,0.001593999043568401,0.009737791153147714,0.02001342062287998,63.36014446253799,COMPLETE
6,0.031810140585881753,2026-07-13 14:01:47.402161,2026-07-13 14:01:51.134233,0 days 00:00:03.732072,0.993578407670862,64,8,500,26.20670861087006,0.006443032835947006,1.2273800987852967,120.53116016891916,COMPLETE
7,0.031759765134701676,2026-07-13 14:01:51.135035,2026-07-13 14:01:52.413227,0 days 00:00:01.278192,1.654490124263246,254,5,400,7.315073480547534,0.007415196342284012,0.3113095956122124,82.74131662378268,COMPLETE
8,0.041044761309532704,2026-07-13 14:01:52.414247,2026-07-13 14:01:57.999276,0 days 00:00:05.585029,2.8063859878474813,32,6,1700,1.5605705131325147,0.007509745286187187,1.1044350847124695,14.783659675099987,COMPLETE
9,0.019119224809212444,2026-07-13 14:01:58.000079,2026-07-13 14:01:58.964281,0 days 00:00:00.964202,4.537832369630465,128,3,400,0.025551114281681598,0.043553729502461974,0.1082138291061399,17.09154940502547,COMPLETE
10,0.03844015838326642,2026-07-13 14:01:58.965083,2026-07-13 14:02:00.959460,0 days 00:00:01.994377,0.7921067884671972,32,7,400,0.09884321366121378,0.0814139530973272,0.0018786996933300626,13.920076610096986,PRUNED
11,0.03506551117407173,2026-07-13 14:02:00.960276,2026-07-13 14:02:05.644701,0 days 00:00:04.684425,1.6904783998098294,32,7,1000,0.45467450671659954,0.023378163182715753,0.09786989936173239,118.62802229217277,PRUNED
12,0.03932424241329183,2026-07-13 14:02:05.646877,2026-07-13 14:02:12.088533,0 days 00:00:06.441656,1.7305944636609674,64,7,1300,0.5974352798886647,0.12156691267426213,0.003550517045585129,19.632967359624207,PRUNED
13,0.09114968887669317,2026-07-13 14:02:12.089358,2026-07-13 14:02:21.843007,0 days 00:00:09.753649,0.9951231766872684,64,9,700,7.749723754019388,0.02014590599622502,0.0022878602003883796,21.91410461208216,COMPLETE
14,0.0731423964496704,2026-07-13 14:02:21.843887,2026-07-13 14:02:34.316107,0 days 00:00:12.472220,1.1046838214855041,64,9,900,2.8135519697907916,0.020615489835482784,0.001586393223785156,24.101361064867934,COMPLETE
15,0.16044999784892952,2026-07-13 14:02:34.316917,2026-07-13 14:02:39.935836,0 days 00:00:05.618919,1.6770531643277833,64,9,400,1.373223038795597,0.1361103693677455,0.004062197690317377,14.948495241458842,COMPLETE
16,0.0647569566425949,2026-07-13 14:02:39.936714,2026-07-13 14:02:47.967894,0 days 00:00:08.031180,3.4057085868099524,64,9,600,0.8922565881956788,0.10407339320098309,0.05259977538513591,20.022190372994014,COMPLETE
17,0.060385268608677045,2026-07-13 14:02:47.968696,2026-07-13 14:02:52.244244,0 days 00:00:04.275548,0.6760021478220961,64,7,800,11.220113539028011,0.014117106798086533,0.32366969594242806,16.175154472856853,COMPLETE
18,0.06657606721343876,2026-07-13 14:02:52.245337,2026-07-13 14:02:54.818918,0 days 00:00:02.573581,0.40503235898354495,128,8,300,6.340809308422561,0.08774560032071944,0.005634385644079184,34.44527543107043,COMPLETE
19,0.04371871632359313,2026-07-13 14:02:54.819729,2026-07-13 14:02:57.040843,0 days 00:00:02.221114,1.1488309586521495,64,7,400,0.1766310429559681,0.1358719488481291,0.7386566055912864,22.686234358535966,PRUNED
20,0.05626036474390787,2026-07-13 14:02:57.041655,2026-07-13 14:03:03.998211,0 days 00:00:06.956556,3.3940140758327813,254,9,500,0.4161339621426229,0.06989957028855981,0.001284968919682883,42.40861066007591,PRUNED
21,0.12381978224124626,2026-07-13 14:03:03.999035,2026-07-13 14:03:10.845104,0 days 00:00:06.846069,1.4599844310361016,64,9,500,7.2393869921413945,0.06997983658530478,0.007456742605257642,15.166792136874745,COMPLETE
22,0.06463601965553346,2026-07-13 14:03:10.845908,2026-07-13 14:03:14.076078,0 days 00:00:03.230170,1.1065617495880105,254,7,600,11.931589580614425,0.03442246647725452,0.009744388488197255,19.301719531427253,COMPLETE
23,0.033865968747108045,2026-07-13 14:03:14.077032,2026-07-13 14:03:16.771559,0 days 00:00:02.694527,1.729255693130448,64,7,500,0.6018811542973228,0.12235134294952718,0.001953159476938945,17.268972773367608,PRUNED
24,0.1022322003704004,2026-07-13 14:03:16.772389,2026-07-13 14:03:29.140144,0 days 00:00:12.367755,2.2445270083473807,64,9,900,14.459401771691542,0.04766823978060727,0.013997634676286655,14.95829249884902,COMPLETE
25,0.12854967226643024,2026-07-13 14:03:29.140962,2026-07-13 14:03:38.502666,0 days 00:00:09.361704,1.944589437255284,128,9,700,1.5532779364125338,0.09927411939522453,0.005059777339992384,16.27172665936451,COMPLETE
26,0.05128912149096264,2026-07-13 14:03:38.503461,2026-07-13 14:03:46.478918,0 days 00:00:07.975457,2.863001579542895,128,8,1000,0.5381126415756083,0.14353862168022447,0.004488711225201201,21.787443595915015,PRUNED
27,0.060738504692744846,2026-07-13 14:03:46.479708,2026-07-13 14:03:52.122677,0 days 00:00:05.642969,2.1674538230071483,128,8,700,1.0432316747565713,0.058817223472849095,0.03864325938517039,16.714689610969092,PRUNED
28,0.04812644317385592,2026-07-13 14:03:52.123485,2026-07-13 14:04:01.477801,0 days 00:00:09.354316,0.6069163854379436,254,9,700,9.540769360964099,0.13204907749222522,0.041130417577375684,32.463865414075435,PRUNED
29,0.08002502088706052,2026-07-13 14:04:01.479687,2026-07-13 14:04:05.661791,0 days 00:00:04.182104,0.5402332933151706,64,9,300,11.633413109853832,0.0863072089593961,0.018373016139241295,14.66478492278409,COMPLETE
30,0.08558339246008743,2026-07-13 14:04:05.663100,2026-07-13 14:04:19.293442,0 days 00:00:13.630342,0.6348625485909547,128,9,1000,5.983951194138178,0.06415375602455277,0.008295285851430705,20.153815601192743,COMPLETE
31,0.09577592054803451,2026-07-13 14:04:19.294305,2026-07-13 14:04:38.124875,0 days 00:00:18.830570,2.259866697954508,64,9,1400,17.623846744140202,0.049769424303077764,0.00582856343475881,20.155390114307835,COMPLETE
32,0.07142658987205054,2026-07-13 14:04:38.125711,2026-07-13 14:04:47.708164,0 days 00:00:09.582453,2.3055822712905965,64,9,700,8.64980406081607,0.039728110131282995,0.012129005787235162,15.968256464366485,COMPLETE
33,0.09871591354151191,2026-07-13 14:04:47.708973,2026-07-13 14:04:55.110868,0 days 00:00:07.401895,2.2227592436657164,128,9,500,4.67230185909592,0.04147272922725417,0.0023045526610399633,18.813869192537798,COMPLETE
34,0.0834553474503158,2026-07-13 14:04:55.111687,2026-07-13 14:04:59.261353,0 days 00:00:04.149666,2.4668958939289385,128,9,300,0.48681702959825696,0.11753020874243808,0.007460154130620753,22.10685007941102,COMPLETE
35,0.11130072465158711,2026-07-13 14:04:59.262227,2026-07-13 14:05:08.895933,0 days 00:00:09.633706,1.529109004503471,64,9,700,17.504040762539088,0.14896273948013078,0.0014526183515945219,19.39508968988987,COMPLETE
36,0.0691446917386046,2026-07-13 14:05:08.896766,2026-07-13 14:05:18.534327,0 days 00:00:09.637561,2.9128097220709184,254,9,700,10.667704104579824,0.12884172915185055,0.002853892060702694,22.58924505860303,PRUNED
37,0.07995401031637892,2026-07-13 14:05:18.535116,2026-07-13 14:05:23.866626,0 days 00:00:05.331510,1.7192738111984491,32,8,600,15.503507375141686,0.14551094420264005,0.0037049413975441666,25.82996712798359,COMPLETE
38,0.052306393882603656,2026-07-13 14:05:23.869728,2026-07-13 14:05:28.662508,0 days 00:00:04.792780,1.1637858914601173,254,8,400,0.2532223654381808,0.07259124605183671,0.01132579231009379,14.772205956207575,PRUNED
39,0.07630488841095309,2026-07-13 14:05:28.663310,2026-07-13 14:05:40.034829,0 days 00:00:11.371519,1.7441306707905568,64,9,800,8.52478710585814,0.08941592854222886,0.001325281457430292,27.79646704678909,COMPLETE
40,0.08492752571196055,2026-07-13 14:05:40.035710,2026-07-13 14:05:48.545173,0 days 00:00:08.509463,1.6947893636716826,64,9,600,4.376761207463997,0.12929070037721735,0.0012441059962883107,15.90395758967105,COMPLETE
41,0.06896088517504442,2026-07-13 14:05:48.545978,2026-07-13 14:05:54.522073,0 days 00:00:05.976095,4.430370829437731,32,8,800,24.24640693530059,0.026543998856577402,0.007160790371237824,19.987201703989065,PRUNED
42,0.09467118032577057,2026-07-13 14:05:54.522901,2026-07-13 14:06:04.256587,0 days 00:00:09.733686,1.5216745250191333,32,9,700,0.7419447404885433,0.06421732068634282,0.0017036107616335808,14.416470689555402,COMPLETE
43,0.055776584369892114,2026-07-13 14:06:04.257680,2026-07-13 14:06:13.823299,0 days 00:00:09.565619,1.483641572097579,64,9,500,0.015253630711932961,0.04730426408875926,0.010189534166956348,16.277786992743305,PRUNED
44,0.07620367498805311,2026-07-13 14:06:13.825317,2026-07-13 14:06:20.328532,0 days 00:00:06.503215,1.9208858292594218,64,8,600,13.942594328205542,0.10968595705803567,0.030594959904135827,21.58824176830516,PRUNED
45,0.09535521263671955,2026-07-13 14:06:20.329506,2026-07-13 14:06:25.137960,0 days 00:00:04.808454,1.930713420583081,64,9,300,0.6522147084281801,0.08938860460976025,0.011920658978680242,14.016045550287568,COMPLETE
46,0.02334641983738123,2026-07-13 14:06:25.139019,2026-07-13 14:06:28.391688,0 days 00:00:03.252669,4.700324678787593,254,5,1100,0.01540709071671352,0.009422004324930861,0.30259731083158126,217.58305247175173,PRUNED
47,0.08249260885120946,2026-07-13 14:06:28.392667,2026-07-13 14:06:41.707461,0 days 00:00:13.314794,2.249754940236941,128,9,900,20.07194796168378,0.10512732657337458,0.001038619096264187,24.08641366561804,COMPLETE
48,0.09557532503903987,2026-07-13 14:06:41.708356,2026-07-13 14:06:48.308246,0 days 00:00:06.599890,1.8528865116099906,32,9,500,3.849601229336759,0.0433209408916382,0.191957862681741,19.120552467220318,COMPLETE
49,0.06213055622798403,2026-07-13 14:06:48.309124,2026-07-13 14:07:01.252017,0 days 00:00:12.942893,2.7579447052218864,254,9,900,0.6684073016493793,0.03267414786457859,0.012876765380185264,16.806786692761317,PRUNED
50,0.06840492889024422,2026-07-13 14:07:01.252830,2026-07-13 14:07:05.752297,0 days 00:00:04.499467,1.3615322978870843,64,9,300,4.815924505737763,0.06457455229173911,0.0030243646302473065,37.56947047323198,PRUNED
51,0.09677551247071062,2026-07-13 14:07:05.753143,2026-07-13 14:07:11.011953,0 days 00:00:05.258810,2.2855754698331645,128,8,600,1.7503932779834424,0.019732887841560492,0.0015491299993670314,22.181305182922355,COMPLETE
52,0.02718724278889948,2026-07-13 14:07:11.013105,2026-07-13 14:07:12.041871,0 days 00:00:01.028766,2.555036728028841,254,4,300,0.03178300172257338,0.05109460916817946,0.3259363289272905,135.33383758492323,PRUNED
53,0.0313493733453438,2026-07-13 14:07:12.042963,2026-07-13 14:07:26.864549,0 days 00:00:14.821586,3.7696839696142854,128,8,1800,0.002182476165702136,0.05557770931251297,0.08915548619319222,23.769542013305177,PRUNED
54,0.1034864561489717,2026-07-13 14:07:26.865381,2026-07-13 14:07:36.988143,0 days 00:00:10.122762,1.5184173298587824,128,9,700,2.909567207786604,0.04302212641273956,0.001583602014582231,16.024269030366327,COMPLETE
55,0.06255412812485035,2026-07-13 14:07:36.988995,2026-07-13 14:07:49.582732,0 days 00:00:12.593737,1.6650941452084902,128,9,900,0.08815848058536827,0.03657737200274654,0.0011343296793225567,21.05949789419932,PRUNED
56,0.046951797262888575,2026-07-13 14:07:49.583537,2026-07-13 14:08:13.182289,0 days 00:00:23.598752,0.1801430497578922,64,9,1700,0.01547973980238698,0.005624051323432552,0.02013467195471415,78.58777619502725,PRUNED
57,0.03850219291759431,2026-07-13 14:08:13.183449,2026-07-13 14:08:23.111599,0 days 00:00:09.928150,0.6269297970393264,32,8,1300,0.0032868057489057246,0.10765481815043852,0.0023916485526514378,122.91840736612046,PRUNED
58,0.059826822505259336,2026-07-13 14:08:23.112422,2026-07-13 14:08:30.405127,0 days 00:00:07.292705,1.2107729605722757,128,8,900,0.4043079292379972,0.09513984300535268,0.0016661900849386387,14.291784824391739,PRUNED
59,0.03122667836697015,2026-07-13 14:08:30.405936,2026-07-13 14:08:35.600566,0 days 00:00:05.194630,4.78175040103082,254,6,1400,0.25248689632283483,0.0885208846980228,0.36683863774222697,24.87829656532873,PRUNED
