number,value,datetime_start,datetime_complete,duration,params_colsample_bytree,params_learning_rate,params_max_bin,params_max_depth,params_min_child_samples,params_min_split_gain,params_n_estimators,params_num_leaves,params_reg_alpha,params_reg_lambda,params_scale_pos_weight,params_subsample,state
0,0.07467704555665468,2026-07-16 12:07:58.772286,2026-07-16 12:07:59.875151,0 days 00:00:01.102865,0.8330451065490129,0.039685799603129755,63,4,69,0.7337482962802829,300,11,0.0007420956921923713,1.883508273096806e-08,177.71959394745951,0.9436549963794391,COMPLETE
1,0.0868329074304818,2026-07-16 12:07:59.876180,2026-07-16 12:08:01.142039,0 days 00:00:01.265859,0.985732545717694,0.019823873877069336,127,2,170,0.44575836083971887,500,22,2.9403039649658837e-05,11.11219100651177,32.45776216041279,0.9395756590979446,COMPLETE
2,0.09839869846371747,2026-07-16 12:08:01.143147,2026-07-16 12:08:02.187843,0 days 00:00:01.044696,0.9550765378900783,0.03172093538429994,31,7,196,0.180914595257901,200,32,0.0005337047154679817,9.678324974442473e-08,91.01288737425212,0.963465103132435,COMPLETE
3,0.08865073186234744,2026-07-16 12:08:02.189487,2026-07-16 12:08:03.390681,0 days 00:00:01.201194,0.7225307062448414,0.10557824938133568,127,5,199,0.7269879919679885,600,15,0.001111651158688829,7.898018319368671e-05,70.90260453920433,0.8942908326028483,COMPLETE
4,0.09129171056746473,2026-07-16 12:08:03.391675,2026-07-16 12:08:04.618363,0 days 00:00:01.226688,0.5722391892114144,0.009843638463318411,127,4,133,0.24339801628096225,500,51,4.321256072256169e-05,8.71890463611854e-06,109.7299989398212,0.7198467103228099,COMPLETE
5,0.06212040125186076,2026-07-16 12:08:04.619256,2026-07-16 12:08:05.541460,0 days 00:00:00.922204,0.9827042908386316,0.12383525188689919,127,10,43,0.4813033334553166,300,33,9.733840220091,1.6945289367561547e-08,86.63841782126282,0.8377796747273722,COMPLETE
6,0.0540013066742321,2026-07-16 12:08:05.542356,2026-07-16 12:08:07.705410,0 days 00:00:02.163054,0.9429497477739367,0.10096166613070477,63,8,41,0.6169369758208951,1600,61,1.974315354124087e-06,0.00015897475402963172,128.73614632004646,0.7738713284347221,COMPLETE
7,0.07714772020700025,2026-07-16 12:08:07.706307,2026-07-16 12:08:09.505359,0 days 00:00:01.799052,0.9224489437884281,0.12295884931710843,127,3,182,0.3941979979597263,1400,50,2.006343798728932,0.7180696248523027,22.260580837395004,0.8209056588045615,COMPLETE
8,0.07652296951403052,2026-07-16 12:08:09.506214,2026-07-16 12:08:11.567438,0 days 00:00:02.061224,0.984627751915528,0.010031038729588744,127,2,6,0.12075217051578746,1200,48,0.020360160859103322,8.328139170252009e-05,80.2700433770288,0.7337955966211729,COMPLETE
9,0.0898058643703618,2026-07-16 12:08:11.568617,2026-07-16 12:08:14.363028,0 days 00:00:02.794411,0.5387789027474854,0.013507693809940826,63,9,121,0.1815347567293506,1400,34,0.00024107689324753245,0.00027360902503002874,20.25247766517614,0.7514221357806279,COMPLETE
10,0.08586784566790294,2026-07-16 12:08:14.364066,2026-07-16 12:08:15.763852,0 days 00:00:01.399786,0.9328123249558808,0.04935324592030102,31,6,178,0.30863658914609093,500,34,2.37126354323596e-07,9.788799933742173e-06,86.72600774701644,0.8228018944930834,COMPLETE
11,0.09638249647929176,2026-07-16 12:08:15.764788,2026-07-16 12:08:17.279198,0 days 00:00:01.514410,0.5204641917589141,0.013992744547996929,255,4,122,0.30532114232107066,800,53,2.9484853313499465e-07,3.59396933254394e-05,154.30214380764423,0.6409584346855879,COMPLETE
12,0.0998356158867764,2026-07-16 12:08:17.280227,2026-07-16 12:08:18.499780,0 days 00:00:01.219553,0.9799161519586054,0.10124947738178264,31,8,176,0.21572032214735715,600,28,0.03369932472593303,6.017501302716293e-08,210.5515378160066,0.9569464591070054,COMPLETE
13,0.07173631458993701,2026-07-16 12:08:18.500939,2026-07-16 12:08:19.206582,0 days 00:00:00.705643,0.9099720715563618,0.11542707756986868,31,8,164,0.3878576618545436,1000,17,0.005267595397239101,1.404127266419027e-08,240.25518929604885,0.9897076836712275,PRUNED
14,0.06423022623578058,2026-07-16 12:08:19.207520,2026-07-16 12:08:20.245645,0 days 00:00:01.038125,0.947470681231702,0.14086646376974485,31,9,136,0.11865089560567181,400,49,0.013785734587511554,4.247730515298023e-06,90.10728052772136,0.9738830296609905,COMPLETE
15,0.08850977364377696,2026-07-16 12:08:20.246624,2026-07-16 12:08:21.248594,0 days 00:00:01.001970,0.7807864451908828,0.006497155523122779,127,8,191,0.06643501685526854,200,19,2.620336184726688e-06,0.0011627963490912735,74.62298367975559,0.9980193574207673,COMPLETE
16,0.07832674253368802,2026-07-16 12:08:21.250964,2026-07-16 12:08:22.004533,0 days 00:00:00.753569,0.8223722390233965,0.02087585686864064,63,9,173,0.23391791271895396,600,37,0.00035959808404848094,7.535813063096709e-07,76.11367128678759,0.979923231683662,PRUNED
17,0.09061357157914972,2026-07-16 12:08:22.005430,2026-07-16 12:08:23.830788,0 days 00:00:01.825358,0.9819122647305794,0.011918362855635948,31,6,135,0.24684794517392816,700,18,0.00019207241711908496,3.253280348040954e-07,33.97830316184575,0.949097868473549,COMPLETE
18,0.09406078922096363,2026-07-16 12:08:23.832007,2026-07-16 12:08:24.991160,0 days 00:00:01.159153,0.9806414738677585,0.03743493518127755,31,10,187,0.2603161740449223,300,32,2.1602331030398476,5.814243446556583e-06,25.41120441774521,0.9314745111954003,COMPLETE
19,0.09618098149514545,2026-07-16 12:08:24.992322,2026-07-16 12:08:27.230152,0 days 00:00:02.237830,0.9655917953660579,0.01929186180427655,31,8,127,0.011586651561371453,1100,39,4.681727682432442,9.058437086059646e-08,96.43845037357234,0.8789201076021051,COMPLETE
20,0.058943200060661505,2026-07-16 12:08:27.231236,2026-07-16 12:08:27.787094,0 days 00:00:00.555858,0.9950366483009696,0.13430981918430082,255,7,192,0.11844251282882233,400,30,1.0094287883533542e-05,4.262881625005864e-05,170.94809437421955,0.9426176293733349,PRUNED
21,0.07146518175701508,2026-07-16 12:08:27.788283,2026-07-16 12:08:28.680092,0 days 00:00:00.891809,0.628554691465042,0.02162762289051925,31,4,107,0.30014182597721323,1000,52,4.650371461474465e-08,4.0155558865147964e-05,45.462989281358404,0.6292435011389161,PRUNED
22,0.0962054136864278,2026-07-16 12:08:28.681051,2026-07-16 12:08:30.849331,0 days 00:00:02.168280,0.5114710620093751,0.015464147664715863,255,5,140,0.5347524095947163,1100,34,2.022520775858e-06,0.00572061257332813,142.13210424152547,0.6862610777040902,COMPLETE
23,0.08738322914720176,2026-07-16 12:08:30.850323,2026-07-16 12:08:33.084484,0 days 00:00:02.234161,0.6035512663898478,0.008896059471464674,255,6,61,0.3949251127602847,1000,59,0.00012387710401760805,3.0071632957444366e-06,114.45216716259108,0.6562189736797946,PRUNED
24,0.0773325412009503,2026-07-16 12:08:33.085772,2026-07-16 12:08:33.839783,0 days 00:00:00.754011,0.5541834456389662,0.032792600541755784,63,4,135,0.4567289828034797,800,52,2.126424134680387e-08,0.003267643434695434,257.90228475425414,0.6334471697557903,PRUNED
25,0.09498817571372968,2026-07-16 12:08:33.840708,2026-07-16 12:08:35.133375,0 days 00:00:01.292667,0.6258507475620727,0.008560622679954052,255,2,141,0.17108225153286105,800,59,1.3571319307128028e-08,7.0422940003842715e-06,125.21562836374463,0.6758284165272064,COMPLETE
26,0.0999996058777352,2026-07-16 12:08:35.134368,2026-07-16 12:08:36.568327,0 days 00:00:01.433959,0.5111855111875063,0.006000073637837539,255,2,35,0.18965790560670023,1000,33,8.041721192584533e-06,0.0013615116458335595,242.06500029033927,0.6157285409627711,COMPLETE
27,0.07354901640131131,2026-07-16 12:08:36.569438,2026-07-16 12:08:37.346063,0 days 00:00:00.776625,0.6098694626020669,0.0051829133024458,63,2,42,0.09499881184329372,1100,25,0.02842245905466174,0.0023002759730862536,198.90958434199086,0.706279566908385,PRUNED
28,0.09459283947016549,2026-07-16 12:08:37.346922,2026-07-16 12:08:38.766462,0 days 00:00:01.419540,0.5328614852823618,0.007179691585706101,31,6,55,0.2514539593785507,600,15,5.210197159623064e-08,0.001839235513144257,198.49004342625352,0.6456753526065372,COMPLETE
29,0.1011087894298418,2026-07-16 12:08:38.767901,2026-07-16 12:08:40.945641,0 days 00:00:02.177740,0.6779489589725781,0.00645118526814555,255,3,36,0.0601760112866081,1300,27,3.5332113571441495e-08,0.00012492968903848325,234.78729466010233,0.7272790311349219,COMPLETE
30,0.0757566176277949,2026-07-16 12:08:40.947691,2026-07-16 12:08:42.465640,0 days 00:00:01.517949,0.6835671751992075,0.010627343342277806,31,3,37,0.1153750963953798,1700,30,2.677794894569152e-07,5.537149018574706e-05,247.7577383527179,0.8209151662748173,PRUNED
31,0.07792403433619952,2026-07-16 12:08:42.467397,2026-07-16 12:08:44.039765,0 days 00:00:01.572368,0.6505871245439606,0.005670086892699965,255,4,28,0.06525997442830922,1600,26,3.658871566155731e-06,0.0053422546879525945,186.4251275407043,0.638156123112169,PRUNED
32,0.08922986811849978,2026-07-16 12:08:44.040889,2026-07-16 12:08:45.299928,0 days 00:00:01.259039,0.9797534763980119,0.03487707791348242,127,6,177,0.3456103046510547,400,41,9.726867814413661e-05,7.397984641672786e-08,89.39170157377777,0.8663505144961717,PRUNED
33,0.08140970951524842,2026-07-16 12:08:45.301409,2026-07-16 12:08:48.122098,0 days 00:00:02.820689,0.834161575083658,0.010015478651689308,255,5,36,0.08402866000873657,1100,28,4.604604339917079e-06,8.578189590573797e-06,147.46913962167469,0.7945730188898772,PRUNED
34,0.08041824838559133,2026-07-16 12:08:48.123615,2026-07-16 12:08:48.730327,0 days 00:00:00.606712,0.900277221852932,0.024264012505763214,31,5,192,0.1256906110964575,300,31,0.07161194586774508,2.921950855867627e-07,106.37914504463636,0.9298589509012026,PRUNED
35,0.0776607831329853,2026-07-16 12:08:48.731098,2026-07-16 12:08:49.601683,0 days 00:00:00.870585,0.5367589643414978,0.007417293708354394,255,3,16,0.16723923125557283,1100,46,1.4261042657763228e-07,4.6971761056298034e-05,225.0261096365506,0.6668137079196661,PRUNED
36,0.08661796110742946,2026-07-16 12:08:49.602991,2026-07-16 12:08:50.562976,0 days 00:00:00.959985,0.9193671359264954,0.023504466906559347,31,7,176,0.26299834939595473,200,28,6.473078005059901e-05,2.6393562074334497e-08,46.19346543034602,0.9965172103540156,PRUNED
37,0.08614851950609087,2026-07-16 12:08:50.564146,2026-07-16 12:08:51.949411,0 days 00:00:01.385265,0.9493922492027869,0.03268391540459217,31,9,192,0.1588885378510832,400,19,2.174836320909094e-06,2.4774168044937446e-07,208.74573920422148,0.9019527184131236,PRUNED
38,0.08533559212308506,2026-07-16 12:08:51.950407,2026-07-16 12:08:53.109785,0 days 00:00:01.159378,0.5225214907978079,0.008504531460039936,255,3,40,0.313939839620217,500,22,2.015710406847265e-06,0.05022791900724326,250.29484088268848,0.7407077351529371,COMPLETE
39,0.10077127785914168,2026-07-16 12:08:53.110870,2026-07-16 12:08:54.963012,0 days 00:00:01.852142,0.5236022521254364,0.005218360016027365,31,3,119,0.27999908245969046,1200,25,0.00012836212725350532,0.0005440374571354571,153.2928757572789,0.7100884339784652,COMPLETE
40,0.09383606061149069,2026-07-16 12:08:54.964199,2026-07-16 12:08:56.996288,0 days 00:00:02.032089,0.5519732053699422,0.005306880565698607,31,2,125,0.21697324741791485,1500,26,0.0003250534526743075,8.165685614985011e-06,101.48788507753058,0.6925871633316691,COMPLETE
41,0.07813892274640957,2026-07-16 12:08:56.997657,2026-07-16 12:08:57.881431,0 days 00:00:00.883774,0.7390202245839083,0.007075814040726938,127,2,93,0.08754565940787122,1200,27,1.1225888895656152e-08,8.077245132249828e-06,118.06155155002311,0.8109101808539448,PRUNED
42,0.07628021485841842,2026-07-16 12:08:57.882480,2026-07-16 12:08:58.942234,0 days 00:00:01.059754,0.5882905337077751,0.021778326605925515,63,5,44,0.027257877630261718,1000,18,6.891613392574469e-08,1.1756181419137894e-06,179.04108283571387,0.6685134807248093,PRUNED
43,0.08006319888857075,2026-07-16 12:08:58.943202,2026-07-16 12:09:00.053184,0 days 00:00:01.109982,0.5482461067081665,0.0052588342564084305,63,5,158,0.15473659920880675,1100,34,1.001872068395253e-05,0.003643380710666267,152.48431961996368,0.7375546652902728,PRUNED
44,0.07783156887329325,2026-07-16 12:09:00.054781,2026-07-16 12:09:00.540580,0 days 00:00:00.485799,0.5467400071053135,0.014858726957264777,31,2,133,0.12263591614430544,400,18,5.8473754740238264e-05,0.0005286327010825343,172.12564925916269,0.7710634946190318,PRUNED
45,0.0617319899759191,2026-07-16 12:09:00.541780,2026-07-16 12:09:00.964137,0 days 00:00:00.422357,0.8631572635986886,0.07288252310962563,31,10,106,0.435209252505966,200,13,4.016383474250062,5.2543570305965364e-05,147.11318343520963,0.9808590662778237,PRUNED
46,0.06504790989928247,2026-07-16 12:09:00.965069,2026-07-16 12:09:01.672320,0 days 00:00:00.707251,0.9733594488391532,0.07880018911874992,63,9,190,0.17619454512444677,800,31,0.16599066897545023,5.460119769250765e-07,114.68380136885477,0.9550580657997804,PRUNED
47,0.07274998784218928,2026-07-16 12:09:01.673150,2026-07-16 12:09:02.444771,0 days 00:00:00.771621,0.5174471917220537,0.005003459976752714,255,2,6,0.42495927907725783,900,32,6.79013164573668e-05,0.09958215260276138,220.36850422297601,0.6108782497812365,PRUNED
48,0.07631015295073985,2026-07-16 12:09:02.445882,2026-07-16 12:09:03.507818,0 days 00:00:01.061936,0.5426744793463998,0.008856918410137998,31,3,64,0.5635630494979974,1300,27,1.4712277047643535e-05,0.00012540507063527008,216.56686799920575,0.7712874023681852,PRUNED
49,0.07108344173264679,2026-07-16 12:09:03.508995,2026-07-16 12:09:04.009977,0 days 00:00:00.500982,0.9434327664683767,0.058531459962196664,31,9,195,0.4475194985975892,200,53,0.2801426299576405,6.401013914970995e-08,208.1818525460176,0.8490902988932977,PRUNED
50,0.06529496533480503,2026-07-16 12:09:04.010968,2026-07-16 12:09:04.574603,0 days 00:00:00.563635,0.9966442710166448,0.13139299043756753,31,7,160,0.052656384955760305,400,22,0.010721157871901523,8.64107269035285e-07,197.74205540520802,0.9793945456742201,PRUNED
51,0.06997700400810408,2026-07-16 12:09:04.575709,2026-07-16 12:09:05.858944,0 days 00:00:01.283235,0.5077205089085391,0.007822588109539511,31,5,156,0.2608592778338164,1400,9,0.0006010577612496357,0.0008392263632348443,208.07131100935356,0.63002680265015,PRUNED
52,0.0754765619179448,2026-07-16 12:09:05.859832,2026-07-16 12:09:06.778146,0 days 00:00:00.918314,0.5397660806001012,0.007297848082468002,31,2,108,0.04723263073760259,1200,28,0.0003336077673242833,0.912073794487062,131.81893408648332,0.6289207315231247,PRUNED
53,0.1011202199958127,2026-07-16 12:09:06.780484,2026-07-16 12:09:08.267038,0 days 00:00:01.486554,0.5657158400454665,0.007419145820828299,127,2,26,0.0965251060198267,900,32,1.0471216119528793e-06,0.0007352573384049333,98.11336918971746,0.6611478393444942,COMPLETE
54,0.10318586938812536,2026-07-16 12:09:08.267979,2026-07-16 12:09:10.237999,0 days 00:00:01.970020,0.6900616188802763,0.007074226931015872,255,3,91,0.17512710080245006,1100,15,2.0618374231960007e-07,2.97144456451729e-07,121.16513141979311,0.6736307198114209,COMPLETE
55,0.09560513153340566,2026-07-16 12:09:10.241346,2026-07-16 12:09:12.571010,0 days 00:00:02.329664,0.6619617372022342,0.009926109055399212,255,4,77,0.2714176429874946,1100,12,2.499259512915273e-07,2.412876369009348e-07,97.99607175869977,0.7089853859664842,COMPLETE
56,0.07981641827542882,2026-07-16 12:09:12.572458,2026-07-16 12:09:13.203151,0 days 00:00:00.630693,0.6207877144786432,0.012437497075145779,127,2,5,0.15498292991284413,700,26,1.676419853996201e-07,0.023319546375537785,26.03829663645147,0.6084263943316842,PRUNED
57,0.10831341125246405,2026-07-16 12:09:13.204411,2026-07-16 12:09:15.346884,0 days 00:00:02.142473,0.5278264385802731,0.007049341128319186,127,3,66,0.5423157935404381,700,27,6.86150436864757e-07,3.204577226342034e-06,107.97638705513306,0.6413250544975189,COMPLETE
58,0.08679525595569215,2026-07-16 12:09:15.349553,2026-07-16 12:09:17.848727,0 days 00:00:02.499174,0.549447289701977,0.006136020882394372,127,4,29,0.814906307072129,1000,14,1.560534546900159e-05,4.257187312146604e-07,92.29561139571592,0.6401515354836288,PRUNED
59,0.09201462891080557,2026-07-16 12:09:17.849906,2026-07-16 12:09:19.120300,0 days 00:00:01.270394,0.536542808348847,0.014930767671493034,127,2,39,0.07718452314828386,400,34,1.4976348709726879e-06,1.3413590958011532e-05,86.3338905656886,0.6037153261539547,PRUNED
